<?xml version="1.0" encoding="UTF-8"?>
<!-- Generated by org.testng.reporters.JUnitXMLReporter -->
<testsuite ignored="0" hostname="LAPTOP-VKBHV4LJ" failures="0" tests="3" name="Test" time="20.284" errors="0" timestamp="2024-10-16T19:50:45 GST">
  <testcase classname="DesiredCapabilities_CrossBrowser.ChromeOptions" name="testonchrome" time="2.757"/>
  <testcase classname="DesiredCapabilities_CrossBrowser.FirefoxOptions" name="testonchrome" time="2.845"/>
  <testcase classname="DesiredCapabilities_CrossBrowser.EdgeOptions" name="testonchrome" time="2.688"/>
</testsuite> <!-- Test -->
