<?xml version="1.0" encoding="UTF-8"?>
<!-- Generated by org.testng.reporters.JUnitXMLReporter -->
<testsuite ignored="0" hostname="LAPTOP-VKBHV4LJ" failures="0" tests="4" name="Test2" time="30.572" errors="0" timestamp="2024-10-15T01:20:54 GST">
  <testcase classname="TestNG.parallelteststhreadcount" name="Test1" time="3.099"/>
  <testcase classname="TestNG.parallelteststhreadcount" name="Test2" time="3.191"/>
  <testcase classname="TestNG.parallelteststhreadcount" name="Test3" time="9.451"/>
  <testcase classname="TestNG.parallelteststhreadcount" name="Test4" time="14.793"/>
</testsuite> <!-- Test2 -->
