<?xml version="1.0" encoding="UTF-8"?>
<testng-results ignored="0" total="3" passed="3" failed="0" skipped="0">
  <reporter-output>
  </reporter-output>
  <suite started-at="2024-10-16T19:50:25 GST" name="Suite" finished-at="2024-10-16T19:50:45 GST" duration-ms="20284">
    <groups>
    </groups>
    <test started-at="2024-10-16T19:50:25 GST" name="Test" finished-at="2024-10-16T19:50:45 GST" duration-ms="20284">
      <class name="DesiredCapabilities_CrossBrowser.ChromeOptions">
        <test-method is-config="true" signature="setup()[pri:0, instance:DesiredCapabilities_CrossBrowser.ChromeOptions@36916eb0]" started-at="2024-10-16T19:50:25 GST" name="setup" finished-at="2024-10-16T19:50:26 GST" duration-ms="1880" status="PASS">
          <reporter-output>
          </reporter-output>
        </test-method> <!-- setup -->
        <test-method signature="testonchrome()[pri:0, instance:DesiredCapabilities_CrossBrowser.ChromeOptions@36916eb0]" started-at="2024-10-16T19:50:26 GST" name="testonchrome" finished-at="2024-10-16T19:50:29 GST" duration-ms="2757" status="PASS">
          <reporter-output>
          </reporter-output>
        </test-method> <!-- testonchrome -->
        <test-method is-config="true" signature="teardown()[pri:0, instance:DesiredCapabilities_CrossBrowser.ChromeOptions@36916eb0]" started-at="2024-10-16T19:50:29 GST" name="teardown" finished-at="2024-10-16T19:50:30 GST" duration-ms="319" status="PASS">
          <reporter-output>
          </reporter-output>
        </test-method> <!-- teardown -->
      </class> <!-- DesiredCapabilities_CrossBrowser.ChromeOptions -->
      <class name="DesiredCapabilities_CrossBrowser.FirefoxOptions">
        <test-method is-config="true" signature="setup()[pri:0, instance:DesiredCapabilities_CrossBrowser.FirefoxOptions@51c668e3]" started-at="2024-10-16T19:50:30 GST" name="setup" finished-at="2024-10-16T19:50:34 GST" duration-ms="4490" status="PASS">
          <reporter-output>
          </reporter-output>
        </test-method> <!-- setup -->
        <test-method signature="testonchrome()[pri:0, instance:DesiredCapabilities_CrossBrowser.FirefoxOptions@51c668e3]" started-at="2024-10-16T19:50:34 GST" name="testonchrome" finished-at="2024-10-16T19:50:37 GST" duration-ms="2845" status="PASS">
          <reporter-output>
          </reporter-output>
        </test-method> <!-- testonchrome -->
        <test-method is-config="true" signature="teardown()[pri:0, instance:DesiredCapabilities_CrossBrowser.FirefoxOptions@51c668e3]" started-at="2024-10-16T19:50:37 GST" name="teardown" finished-at="2024-10-16T19:50:38 GST" duration-ms="812" status="PASS">
          <reporter-output>
          </reporter-output>
        </test-method> <!-- teardown -->
      </class> <!-- DesiredCapabilities_CrossBrowser.FirefoxOptions -->
      <class name="DesiredCapabilities_CrossBrowser.EdgeOptions">
        <test-method is-config="true" signature="setup()[pri:0, instance:DesiredCapabilities_CrossBrowser.EdgeOptions@2e6a8155]" started-at="2024-10-16T19:50:38 GST" name="setup" finished-at="2024-10-16T19:50:41 GST" duration-ms="3179" status="PASS">
          <reporter-output>
          </reporter-output>
        </test-method> <!-- setup -->
        <test-method signature="testonchrome()[pri:0, instance:DesiredCapabilities_CrossBrowser.EdgeOptions@2e6a8155]" started-at="2024-10-16T19:50:41 GST" name="testonchrome" finished-at="2024-10-16T19:50:44 GST" duration-ms="2688" status="PASS">
          <reporter-output>
          </reporter-output>
        </test-method> <!-- testonchrome -->
        <test-method is-config="true" signature="teardown()[pri:0, instance:DesiredCapabilities_CrossBrowser.EdgeOptions@2e6a8155]" started-at="2024-10-16T19:50:44 GST" name="teardown" finished-at="2024-10-16T19:50:45 GST" duration-ms="1285" status="PASS">
          <reporter-output>
          </reporter-output>
        </test-method> <!-- teardown -->
      </class> <!-- DesiredCapabilities_CrossBrowser.EdgeOptions -->
    </test> <!-- Test -->
  </suite> <!-- Suite -->
</testng-results>
