<?xml version="1.0" encoding="UTF-8"?>
<!-- Generated by org.testng.reporters.JUnitReportReporter -->
<testsuite hostname="LAPTOP-VKBHV4LJ" failures="0" tests="8" name="TestNG.Testannotations1" time="0.040" errors="0" timestamp="2024-10-15T00:53:59 GST" skipped="1">
  <testcase classname="TestNG.Testannotations1" name="test4" time="0.011"/>
  <system-out/>
  <testcase classname="TestNG.Testannotations1" name="test2" time="0.004"/>
  <system-out/>
  <testcase classname="TestNG.Testannotations1" name="d" time="0.009"/>
  <system-out/>
  <testcase classname="TestNG.Testannotations1" name="a" time="0.002"/>
  <system-out/>
  <testcase classname="TestNG.Testannotations1" name="c" time="0.006"/>
  <system-out/>
  <testcase classname="TestNG.Testannotations1" name="test1" time="0.004"/>
  <system-out/>
  <testcase classname="TestNG.Testannotations1" name="test3" time="0.004"/>
  <system-out/>
  <testcase classname="TestNG.Testannotations1" name="b">
    <skipped/>
  </testcase> <!-- b -->
  <system-out/>
</testsuite> <!-- TestNG.Testannotations1 -->
